[debug] > Exec({file:/C:/teste-sbt/test-sbt/}root/ testOnly CalculadoraTest, None, None)
[debug] Evaluating tasks: Test / testOnly
[debug] Running task... Cancel: Signal, check cycles: false, forcegc: true
[info] compiling 2 Scala sources to C:\teste-sbt\test-sbt\target\scala-2.13\classes ...
[info] Non-compiled module 'compiler-bridge_2.13' for Scala 2.13.6. Compiling...
[info]   Compilation completed in 8.094s.
[info] done compiling
[info] compiling 2 Scala sources to C:\teste-sbt\test-sbt\target\scala-2.13\test-classes ...
[info] done compiling
[info] CalculadoraTest:
[info] - Test Soma
[info] - Test Subtração
[info] - Test Multiplicação
[info] - Test Divisão
[info] Run completed in 282 milliseconds.
[info] Total number of tests run: 4
[info] Suites: completed 1, aborted 0
[info] Tests: succeeded 4, failed 0, canceled 0, ignored 0, pending 0
[info] All tests passed.
[success] Total time: 11 s, completed 11 de abr. de 2022 15:13:03
[debug] > Exec(idea-shell, None, None)
[debug] > Exec(, None, None)
[debug] > Exec(idea-shell, None, None)
